<?xml version="1.0" encoding="UTF-8"?>
<!-- Generated by org.testng.reporters.JUnitReportReporter -->
<testsuite skipped="0" hostname="SIRNB-G18QMH2" name="tests.NewAssignee3m" tests="1" failures="0" timestamp="2020-01-30T09:23:32 CST" time="107.717" errors="0">
  <testcase name="test" time="107.717" classname="tests.NewAssignee3m"/>
</testsuite> <!-- tests.NewAssignee3m -->
