<?xml version="1.0" encoding="UTF-8"?>
<!-- Generated by org.testng.reporters.JUnitReportReporter -->
<testsuite skipped="0" hostname="SIRNB-G18QMH2" name="tests.AddFeeTest" tests="1" failures="0" timestamp="2020-01-02T11:56:32 CST" time="92.978" errors="0">
  <testcase name="test" time="92.978" classname="tests.AddFeeTest"/>
</testsuite> <!-- tests.AddFeeTest -->
