<?xml version="1.0" encoding="UTF-8"?>
<!-- Generated by org.testng.reporters.JUnitReportReporter -->
<testsuite skipped="0" hostname="SIRNB-G18QMH2" name="tests.AddPaymentTest" tests="1" failures="0" timestamp="2020-01-02T11:56:32 CST" time="150.882" errors="0">
  <testcase name="test" time="150.882" classname="tests.AddPaymentTest"/>
</testsuite> <!-- tests.AddPaymentTest -->
